{
  "stats": {
    "suites": 1,
    "tests": 10,
    "passes": 10,
    "pending": 0,
    "failures": 0,
    "start": "2021-05-28T20:34:32.969Z",
    "end": "2021-05-28T20:34:38.811Z",
    "duration": 5842,
    "testsRegistered": 10,
    "passPercent": 100,
    "pendingPercent": 0,
    "other": 0,
    "hasOther": false,
    "skipped": 0,
    "hasSkipped": false
  },
  "results": [
    {
      "uuid": "b809a2da-ba9e-4858-8bd6-5b5089ebd8a3",
      "title": "",
      "fullFile": "cypress/integration/examples/testSuite.spec.js",
      "file": "cypress/integration/examples/testSuite.spec.js",
      "beforeHooks": [],
      "afterHooks": [],
      "tests": [],
      "suites": [
        {
          "uuid": "b0cd3dff-3d34-4dae-aea1-1b7631a4cde8",
          "title": "Test Suite",
          "fullFile": "",
          "file": "",
          "beforeHooks": [],
          "afterHooks": [],
          "tests": [
            {
              "title": "show rooms",
              "fullTitle": "Test Suite show rooms",
              "timedOut": null,
              "duration": 639,
              "state": "passed",
              "speed": "slow",
              "pass": true,
              "fail": false,
              "pending": false,
              "context": null,
              "code": "const b = new _showRooms.default();\ncy.authenticate().then(() => {\n  b.showrooms();\n}).then(() => {\n  a.logout();\n}).then(() => {\n  b.showrooms401();\n});",
              "err": {},
              "uuid": "c077902c-d18e-4dc6-8102-111752c5259e",
              "parentUUID": "b0cd3dff-3d34-4dae-aea1-1b7631a4cde8",
              "isHook": false,
              "skipped": false
            },
            {
              "title": "create room",
              "fullTitle": "Test Suite create room",
              "timedOut": null,
              "duration": 585,
              "state": "passed",
              "speed": "slow",
              "pass": true,
              "fail": false,
              "pending": false,
              "context": null,
              "code": "const c = new _createRoom.default();\ncy.authenticate().then(() => {\n  c.createroom();\n}).then(() => {\n  a.logout();\n});",
              "err": {},
              "uuid": "263fcf37-5c7a-46c6-9f91-9c3006198b8f",
              "parentUUID": "b0cd3dff-3d34-4dae-aea1-1b7631a4cde8",
              "isHook": false,
              "skipped": false
            },
            {
              "title": "show clients",
              "fullTitle": "Test Suite show clients",
              "timedOut": null,
              "duration": 562,
              "state": "passed",
              "speed": "slow",
              "pass": true,
              "fail": false,
              "pending": false,
              "context": null,
              "code": "const d = new _showClients.default();\ncy.authenticate().then(() => {\n  d.showclients();\n}).then(() => {\n  a.logout();\n});",
              "err": {},
              "uuid": "029eb040-71e5-44c3-bc8e-db55fc449f46",
              "parentUUID": "b0cd3dff-3d34-4dae-aea1-1b7631a4cde8",
              "isHook": false,
              "skipped": false
            },
            {
              "title": "create client",
              "fullTitle": "Test Suite create client",
              "timedOut": null,
              "duration": 581,
              "state": "passed",
              "speed": "slow",
              "pass": true,
              "fail": false,
              "pending": false,
              "context": null,
              "code": "const e = new _createClient.default();\ncy.authenticate().then(() => {\n  e.createclient();\n}).then(() => {\n  a.logout();\n});",
              "err": {},
              "uuid": "10c91bd9-6158-46d0-950b-6d473d3751f8",
              "parentUUID": "b0cd3dff-3d34-4dae-aea1-1b7631a4cde8",
              "isHook": false,
              "skipped": false
            },
            {
              "title": "edit client",
              "fullTitle": "Test Suite edit client",
              "timedOut": null,
              "duration": 568,
              "state": "passed",
              "speed": "slow",
              "pass": true,
              "fail": false,
              "pending": false,
              "context": null,
              "code": "const f = new _editClient.default();\ncy.authenticate().then(() => {\n  f.editclient();\n}).then(() => {\n  a.logout();\n});",
              "err": {},
              "uuid": "bec9896f-a66e-4841-9326-e3f894e3e8a9",
              "parentUUID": "b0cd3dff-3d34-4dae-aea1-1b7631a4cde8",
              "isHook": false,
              "skipped": false
            },
            {
              "title": "show bills",
              "fullTitle": "Test Suite show bills",
              "timedOut": null,
              "duration": 565,
              "state": "passed",
              "speed": "slow",
              "pass": true,
              "fail": false,
              "pending": false,
              "context": null,
              "code": "const g = new _showBills.default();\ncy.authenticate().then(() => {\n  g.showbills();\n}).then(() => {\n  a.logout();\n});",
              "err": {},
              "uuid": "534fe609-7831-49e6-9e88-0ff8832b4f44",
              "parentUUID": "b0cd3dff-3d34-4dae-aea1-1b7631a4cde8",
              "isHook": false,
              "skipped": false
            },
            {
              "title": "create bill",
              "fullTitle": "Test Suite create bill",
              "timedOut": null,
              "duration": 569,
              "state": "passed",
              "speed": "slow",
              "pass": true,
              "fail": false,
              "pending": false,
              "context": null,
              "code": "const h = new _createBillSpec.default();\ncy.authenticate().then(() => {\n  h.createbill();\n}).then(() => {\n  a.logout();\n});",
              "err": {},
              "uuid": "38fd2cfc-79eb-4e3c-9f20-c91d0dc6febb",
              "parentUUID": "b0cd3dff-3d34-4dae-aea1-1b7631a4cde8",
              "isHook": false,
              "skipped": false
            },
            {
              "title": "edit bill",
              "fullTitle": "Test Suite edit bill",
              "timedOut": null,
              "duration": 561,
              "state": "passed",
              "speed": "slow",
              "pass": true,
              "fail": false,
              "pending": false,
              "context": null,
              "code": "const i = new _editBill.default();\ncy.authenticate().then(() => {\n  i.editbill();\n}).then(() => {\n  a.logout();\n});",
              "err": {},
              "uuid": "307d2f4f-5981-45c9-a583-e7629a0be48d",
              "parentUUID": "b0cd3dff-3d34-4dae-aea1-1b7631a4cde8",
              "isHook": false,
              "skipped": false
            },
            {
              "title": "show reservations",
              "fullTitle": "Test Suite show reservations",
              "timedOut": null,
              "duration": 559,
              "state": "passed",
              "speed": "slow",
              "pass": true,
              "fail": false,
              "pending": false,
              "context": null,
              "code": "const j = new _showReserv.default();\ncy.authenticate().then(() => {\n  j.showreservations();\n}).then(() => {\n  a.logout();\n});",
              "err": {},
              "uuid": "9ea7689d-08f8-4803-b5e2-443e58d70a55",
              "parentUUID": "b0cd3dff-3d34-4dae-aea1-1b7631a4cde8",
              "isHook": false,
              "skipped": false
            },
            {
              "title": "create reservation",
              "fullTitle": "Test Suite create reservation",
              "timedOut": null,
              "duration": 572,
              "state": "passed",
              "speed": "slow",
              "pass": true,
              "fail": false,
              "pending": false,
              "context": null,
              "code": "const h = new _createReserv.default();\ncy.authenticate().then(() => {\n  h.createreservation();\n}).then(() => {\n  a.logout();\n});",
              "err": {},
              "uuid": "eae7d02c-f264-4a90-92e4-c24cd235d9fd",
              "parentUUID": "b0cd3dff-3d34-4dae-aea1-1b7631a4cde8",
              "isHook": false,
              "skipped": false
            }
          ],
          "suites": [],
          "passes": [
            "c077902c-d18e-4dc6-8102-111752c5259e",
            "263fcf37-5c7a-46c6-9f91-9c3006198b8f",
            "029eb040-71e5-44c3-bc8e-db55fc449f46",
            "10c91bd9-6158-46d0-950b-6d473d3751f8",
            "bec9896f-a66e-4841-9326-e3f894e3e8a9",
            "534fe609-7831-49e6-9e88-0ff8832b4f44",
            "38fd2cfc-79eb-4e3c-9f20-c91d0dc6febb",
            "307d2f4f-5981-45c9-a583-e7629a0be48d",
            "9ea7689d-08f8-4803-b5e2-443e58d70a55",
            "eae7d02c-f264-4a90-92e4-c24cd235d9fd"
          ],
          "failures": [],
          "pending": [],
          "skipped": [],
          "duration": 5761,
          "root": false,
          "rootEmpty": false,
          "_timeout": 2000
        }
      ],
      "passes": [],
      "failures": [],
      "pending": [],
      "skipped": [],
      "duration": 0,
      "root": true,
      "rootEmpty": true,
      "_timeout": 2000
    }
  ],
  "meta": {
    "mocha": {
      "version": "7.0.1"
    },
    "mochawesome": {
      "options": {
        "quiet": false,
        "reportFilename": "mochawesome",
        "saveHtml": true,
        "saveJson": true,
        "consoleReporter": "spec",
        "useInlineDiffs": false,
        "code": true
      },
      "version": "6.2.2"
    },
    "marge": {
      "options": null,
      "version": "5.2.0"
    }
  }
}